<?xml version="1.0" encoding="UTF-8"?>
<testng-results skipped="0" failed="0" ignored="0" total="1" passed="1">
  <reporter-output>
  </reporter-output>
  <suite name="Amazon Suite" duration-ms="39406" started-at="2018-08-24T12:21:57Z" finished-at="2018-08-24T12:22:36Z">
    <groups>
    </groups>
    <test name="Amazon tests" duration-ms="39406" started-at="2018-08-24T12:21:57Z" finished-at="2018-08-24T12:22:36Z">
      <class name="amazonTest.AmazonTest">
        <test-method status="PASS" signature="amazonSearchTest(java.lang.String)[pri:0, instance:amazonTest.AmazonTest@7cd62f43]" name="amazonSearchTest" duration-ms="39351" started-at="2018-08-24T22:21:57Z" finished-at="2018-08-24T22:22:36Z">
          <params>
            <param index="0">
              <value>
                <![CDATA[air suspension]]>
              </value>
            </param>
          </params>
          <reporter-output>
          </reporter-output>
        </test-method> <!-- amazonSearchTest -->
      </class> <!-- amazonTest.AmazonTest -->
    </test> <!-- Amazon tests -->
  </suite> <!-- Amazon Suite -->
</testng-results>
